0 verbose cli C:\Program Files\nodejs\node.exe C:\Users\espacegamers\AppData\Roaming\npm\node_modules\npm\bin\npm-cli.js
1 info using npm@11.7.0
2 info using node@v24.11.1
3 silly config load:file:C:\Users\espacegamers\AppData\Roaming\npm\node_modules\npm\npmrc
4 silly config load:file:C:\Users\espacegamers\IdeaProjects\React-labs\Lab1\lab1-profplateform\.npmrc
5 silly config load:file:C:\Users\espacegamers\.npmrc
6 silly config load:file:C:\Users\espacegamers\AppData\Roaming\npm\etc\npmrc
7 verbose title npm install
8 verbose argv "install"
9 verbose logfile logs-max:10 dir:C:\Users\espacegamers\IdeaProjects\React-labs\Lab1\lab1-profplateform\.npm-cache\_logs\2026-03-13T22_15_38_418Z-
10 verbose logfile C:\Users\espacegamers\IdeaProjects\React-labs\Lab1\lab1-profplateform\.npm-cache\_logs\2026-03-13T22_15_38_418Z-debug-0.log
11 silly logfile done cleaning log files
12 silly packumentCache heap:4496293888 maxSize:1124073472 maxEntrySize:562036736
13 silly idealTree buildDeps
14 silly fetch manifest prop-types@^15.8.1
15 silly packumentCache full:https://registry.npmjs.org/prop-types cache-miss
16 http fetch GET https://registry.npmjs.org/npm attempt 1 failed with EACCES
17 http fetch GET https://registry.npmjs.org/prop-types attempt 1 failed with EACCES
18 http fetch GET https://registry.npmjs.org/npm attempt 2 failed with EACCES
19 http fetch GET https://registry.npmjs.org/prop-types attempt 2 failed with EACCES
20 http fetch GET https://registry.npmjs.org/npm attempt 3 failed with EACCES
21 http fetch GET https://registry.npmjs.org/prop-types attempt 3 failed with EACCES
22 silly fetch manifest react@^18.2.0
23 silly packumentCache full:https://registry.npmjs.org/react cache-miss
24 http fetch GET https://registry.npmjs.org/react attempt 1 failed with EACCES
25 http fetch GET https://registry.npmjs.org/react attempt 2 failed with EACCES
